[debug] [2021-06-24T09:42:43.738Z] ----------------------------------------------------------------------
[debug] [2021-06-24T09:42:43.740Z] Command:       C:\Program Files\nodejs\node.exe C:\Users\FAHAD\AppData\Roaming\npm\node_modules\firebase-tools\lib\bin\firebase.js init
[debug] [2021-06-24T09:42:43.741Z] CLI Version:   9.12.1
[debug] [2021-06-24T09:42:43.741Z] Platform:      win32
[debug] [2021-06-24T09:42:43.741Z] Node Version:  v16.3.0
[debug] [2021-06-24T09:42:43.742Z] Time:          Thu Jun 24 2021 15:42:43 GMT+0600 (Bangladesh Standard Time)
[debug] [2021-06-24T09:42:43.742Z] ----------------------------------------------------------------------
[debug] 
[debug] [2021-06-24T09:42:43.748Z] > command requires scopes: ["email","openid","https://www.googleapis.com/auth/cloudplatformprojects.readonly","https://www.googleapis.com/auth/firebase","https://www.googleapis.com/auth/cloud-platform"]
[debug] [2021-06-24T09:42:43.748Z] > authorizing via signed-in user (ohidujjamanfahad987@gmail.com)
[info] 
     ######## #### ########  ######## ########     ###     ######  ########
     ##        ##  ##     ## ##       ##     ##  ##   ##  ##       ##
     ######    ##  ########  ######   ########  #########  ######  ######
     ##        ##  ##    ##  ##       ##     ## ##     ##       ## ##
     ##       #### ##     ## ######## ########  ##     ##  ######  ########

You're about to initialize a Firebase project in this directory:

  C:\Users\FAHAD\Desktop\youtube_clone_react

[info] 
=== Project Setup
[info] 
[info] First, let's associate this project directory with a Firebase project.
[info] You can create multiple project aliases by running firebase use --add, 
[info] but for now we'll just set up a default project.
[info] 
[debug] [2021-06-24T09:43:26.729Z] >>> [apiv2][query] GET https://firebase.googleapis.com/v1beta1/projects pageSize=100
[debug] [2021-06-24T09:43:27.784Z] <<< [apiv2][status] GET https://firebase.googleapis.com/v1beta1/projects 200
[debug] [2021-06-24T09:43:27.785Z] <<< [apiv2][body] GET https://firebase.googleapis.com/v1beta1/projects [omitted]
[info] i  Using project clone-d7703 (youtube-clone) 
[info] 
=== Hosting Setup
[info] 
[info] Your public directory is the folder (relative to your project directory) that
[info] will contain Hosting assets to be uploaded with firebase deploy. If you
[info] have a build process for your assets, use your build's output directory.
[info] 
[debug] [2021-06-24T09:44:38.196Z] >>> [apiv2][query] GET https://www.gstatic.com/firebasejs/releases.json [none]
[debug] [2021-06-24T09:44:38.361Z] <<< [apiv2][status] GET https://www.gstatic.com/firebasejs/releases.json 200
[debug] [2021-06-24T09:44:38.362Z] <<< [apiv2][body] GET https://www.gstatic.com/firebasejs/releases.json {"current":{"version":"8.6.8","browserURL":"https://www.gstatic.com/firebasejs/8.6.8/firebase.js","packageURL":"https://www.gstatic.com/firebasejs/8.6.8/firebase.tgz"},"live":{"version":"8.6","browserURL":"https://www.gstatic.com/firebasejs/live/8.6/firebase.js","packageURL":"https://www.gstatic.com/firebasejs/live/8.6/firebase.tgz"},"components":{"analytics":"https://www.gstatic.com/firebasejs/8.6.8/firebase-analytics.js","app":"https://www.gstatic.com/firebasejs/8.6.8/firebase-app.js","app-check":"https://www.gstatic.com/firebasejs/8.6.8/firebase-app-check.js","auth":"https://www.gstatic.com/firebasejs/8.6.8/firebase-auth.js","database":"https://www.gstatic.com/firebasejs/8.6.8/firebase-database.js","firestore":"https://www.gstatic.com/firebasejs/8.6.8/firebase-firestore.js","functions":"https://www.gstatic.com/firebasejs/8.6.8/firebase-functions.js","installations":"https://www.gstatic.com/firebasejs/8.6.8/firebase-installations.js","messaging":"https://www.gstatic.com/firebasejs/8.6.8/firebase-messaging.js","storage":"https://www.gstatic.com/firebasejs/8.6.8/firebase-storage.js","performance":"https://www.gstatic.com/firebasejs/8.6.8/firebase-performance.js","remote-config":"https://www.gstatic.com/firebasejs/8.6.8/firebase-remote-config.js","firestore.memory":"https://www.gstatic.com/firebasejs/8.6.8/firebase-firestore.memory.js"}}
[info] +  Wrote build/index.html 
[info] 
[info] i  Detected a .git folder at C:\Users\FAHAD\Desktop\youtube_clone_react 
[info] i  Authorizing with GitHub to upload your service account to a GitHub repository's secrets store. 
[info] 
[info] Visit this URL on this device to log in:
[info] https://github.com/login/oauth/authorize?client_id=89cf50f02ac6aaed3484&state=449003904&redirect_uri=http%3A%2F%2Flocalhost%3A9005&scope=read%3Auser%20repo%20public_repo
[info] 
[info] Waiting for authentication...
[debug] [2021-06-24T09:44:47.965Z] >>> HTTP REQUEST POST https://github.com/login/oauth/access_token  
 {"client_id":"89cf50f02ac6aaed3484","client_secret":"3330d14abc895d9a74d5f17cd7a00711fa2c5bf0","code":"34fe2da0dbbad9206113","redirect_uri":"http://localhost:9005","state":"449003904"}
[debug] [2021-06-24T09:44:48.439Z] <<< HTTP RESPONSE 200 {"server":"GitHub.com","date":"Thu, 24 Jun 2021 09:45:04 GMT","content-type":"application/json; charset=utf-8","transfer-encoding":"chunked","vary":"X-PJAX, Accept-Encoding, Accept, X-Requested-With","permissions-policy":"interest-cohort=()","etag":"W/\"b985d790551c77bc4c30ab8323f5e367\"","cache-control":"max-age=0, private, must-revalidate","strict-transport-security":"max-age=31536000; includeSubdomains; preload","x-frame-options":"deny","x-content-type-options":"nosniff","x-xss-protection":"0","referrer-policy":"origin-when-cross-origin, strict-origin-when-cross-origin","expect-ct":"max-age=2592000, report-uri=\"https://api.github.com/_private/browser/errors\"","content-security-policy":"default-src 'none'; base-uri 'self'; block-all-mixed-content; connect-src 'self' uploads.github.com www.githubstatus.com collector.githubapp.com api.github.com github-cloud.s3.amazonaws.com github-production-repository-file-5c1aeb.s3.amazonaws.com github-production-upload-manifest-file-7fdce7.s3.amazonaws.com github-production-user-asset-6210df.s3.amazonaws.com cdn.optimizely.com logx.optimizely.com/v1/events translator.github.com wss://alive.github.com; font-src github.githubassets.com; form-action 'self' github.com gist.github.com; frame-ancestors 'none'; frame-src render.githubusercontent.com render-temp.githubusercontent.com viewscreen.githubusercontent.com; img-src 'self' data: github.githubassets.com identicons.github.com collector.githubapp.com github-cloud.s3.amazonaws.com secured-user-images.githubusercontent.com/ *.githubusercontent.com; manifest-src 'self'; media-src 'none'; script-src github.githubassets.com; style-src 'unsafe-inline' github.githubassets.com; worker-src github.com/socket-worker-3f088aa2.js gist.github.com/socket-worker-3f088aa2.js","x-github-request-id":"E151:4D76:21A294:2AF699:60D45420"}
[debug] [2021-06-24T09:44:48.446Z] >>> [apiv2][query] GET https://api.github.com/user [none]
[debug] [2021-06-24T09:44:50.123Z] <<< [apiv2][status] GET https://api.github.com/user 200
[debug] [2021-06-24T09:44:50.124Z] <<< [apiv2][body] GET https://api.github.com/user {"login":"fahadfahim","id":42304941,"node_id":"MDQ6VXNlcjQyMzA0OTQx","avatar_url":"https://avatars.githubusercontent.com/u/42304941?v=4","gravatar_id":"","url":"https://api.github.com/users/fahadfahim","html_url":"https://github.com/fahadfahim","followers_url":"https://api.github.com/users/fahadfahim/followers","following_url":"https://api.github.com/users/fahadfahim/following{/other_user}","gists_url":"https://api.github.com/users/fahadfahim/gists{/gist_id}","starred_url":"https://api.github.com/users/fahadfahim/starred{/owner}{/repo}","subscriptions_url":"https://api.github.com/users/fahadfahim/subscriptions","organizations_url":"https://api.github.com/users/fahadfahim/orgs","repos_url":"https://api.github.com/users/fahadfahim/repos","events_url":"https://api.github.com/users/fahadfahim/events{/privacy}","received_events_url":"https://api.github.com/users/fahadfahim/received_events","type":"User","site_admin":false,"name":null,"company":null,"blog":"https://fahadportfolio.netlify.app/#/","location":"Dhaka,Bangladesh","email":null,"hireable":null,"bio":null,"twitter_username":"Fahad06618591","public_repos":56,"public_gists":0,"followers":0,"following":3,"created_at":"2018-08-11T21:05:30Z","updated_at":"2021-06-24T09:45:04Z","private_gists":0,"total_private_repos":2,"owned_private_repos":2,"disk_usage":469772,"collaborators":0,"two_factor_authentication":false,"plan":{"name":"free","space":976562499,"collaborators":0,"private_repos":10000}}
[info] 
[info] +  Success! Logged into GitHub as fahadfahim 
[info] 
[debug] [2021-06-24T09:45:47.322Z] >>> [apiv2][query] GET https://api.github.com/repos/youtube_clone/actions/secrets/public-key type=owner
[debug] [2021-06-24T09:45:47.831Z] <<< [apiv2][status] GET https://api.github.com/repos/youtube_clone/actions/secrets/public-key 404
[debug] [2021-06-24T09:45:47.832Z] <<< [apiv2][body] GET https://api.github.com/repos/youtube_clone/actions/secrets/public-key {"message":"Not Found","documentation_url":"https://docs.github.com/rest"}
[debug] [2021-06-24T09:45:58.698Z] >>> [apiv2][query] GET https://api.github.com/repos//actions/secrets/public-key type=owner
[debug] [2021-06-24T09:45:59.066Z] >>> [apiv2][query] GET https://api.github.com/repos//actions/secrets/public-key type=owner
[debug] [2021-06-24T09:45:59.134Z] <<< [apiv2][status] GET https://api.github.com/repos//actions/secrets/public-key 404
[debug] [2021-06-24T09:45:59.134Z] <<< [apiv2][body] GET https://api.github.com/repos//actions/secrets/public-key {"message":"Not Found","documentation_url":"https://docs.github.com/rest"}
[debug] [2021-06-24T09:45:59.502Z] <<< [apiv2][status] GET https://api.github.com/repos//actions/secrets/public-key 404
[debug] [2021-06-24T09:45:59.503Z] <<< [apiv2][body] GET https://api.github.com/repos//actions/secrets/public-key {"message":"Not Found","documentation_url":"https://docs.github.com/rest"}
[debug] [2021-06-24T09:46:00.666Z] >>> [apiv2][query] GET https://api.github.com/repos//actions/secrets/public-key type=owner
[debug] [2021-06-24T09:46:01.129Z] <<< [apiv2][status] GET https://api.github.com/repos//actions/secrets/public-key 404
[debug] [2021-06-24T09:46:01.129Z] <<< [apiv2][body] GET https://api.github.com/repos//actions/secrets/public-key {"message":"Not Found","documentation_url":"https://docs.github.com/rest"}
